<?xml version="1.0" encoding="UTF-8"?>
<!-- Generated by org.testng.reporters.JUnitReportReporter -->
<testsuite hostname="Chetan" failures="0" tests="2" name="org.example.SeleniumDemo" time="4.107" errors="0" timestamp="2023-06-11T15:09:05 IST" skipped="0">
  <testcase classname="org.example.SeleniumDemo" name="navigateToHomePage" time="2.987"/>
  <system-out/>
  <testcase classname="org.example.SeleniumDemo" name="getHomePageTitle" time="1.120"/>
  <system-out/>
</testsuite> <!-- org.example.SeleniumDemo -->
